[2016-02-07 12:09:29] /mobile/index.php?act=goods&op=goods_list&gc_id=4&page=10&curpage=1&gc_id=4 ( act=goods&op=goods_list ) 
ERR: Db Error: Unknown column 'goods_id' in 'order clause'
SELECT COUNT(*) AS nc_count FROM `33hao_goods_common` WHERE ( store_id = '1' ) AND ( goods_state = '1' ) AND ( goods_verify = '1' ) GROUP BY nc_distinct ORDER BY is_own_shop desc,goods_id desc LIMIT 1  
[2016-02-07 12:10:08] /mobile/index.php?act=goods&op=goods_detail&goods_id=52&key=bf8dc5cdc4efebea523a7a38cd6caecc ( act=goods&op=goods_detail ) 
ERR: Db Error: Unknown column 'voucher_t_gettype' in 'where clause'
SELECT * FROM `33hao_voucher_template` WHERE ( voucher_t_gettype = '3' ) AND ( voucher_t_state = '1' ) AND ( voucher_t_end_date > '1454818208' ) AND ( voucher_t_store_id IN ('1') ) LIMIT 1000  
[2016-02-07 12:11:52] /mobile/index.php?act=member_order&op=order_list&page=10&curpage=1 ( act=member_order&op=order_list ) 
ERR: Db Error: Unknown column 'order_type' in 'where clause'
SELECT COUNT(*) AS nc_count FROM `33hao_order` WHERE ( order_type = '3' ) AND ( order_state = '30' ) AND ( buyer_id = '2' ) LIMIT 1  
[2016-02-07 12:11:52] /mobile/index.php?act=member_order&op=order_list&page=10&curpage=1 ( act=member_order&op=order_list ) 
ERR: Db Error: Unknown column 'order_type' in 'where clause'
SELECT * FROM `33hao_order` WHERE ( order_type = '3' ) AND ( order_state = '30' ) AND ( buyer_id = '2' ) ORDER BY order_id desc LIMIT 0,20  
[2016-02-07 12:45:47] /mobile/index.php?act=member_refund&op=get_refund_info&key=bf8dc5cdc4efebea523a7a38cd6caecc&refund_id=3 ( act=member_refund&op=get_refund_info ) 
ERR: Db Error: Table 'v4.33hao_refund_detail' doesn't exist
SELECT * FROM `33hao_refund_detail` WHERE ( refund_id = '3' ) LIMIT 1  
[2016-02-07 12:46:14] /mobile/index.php?act=member_refund&op=get_refund_info&key=bf8dc5cdc4efebea523a7a38cd6caecc&refund_id=3 ( act=member_refund&op=get_refund_info ) 
ERR: Db Error: Table 'v4.33hao_refund_detail' doesn't exist
SELECT * FROM `33hao_refund_detail` WHERE ( refund_id = '3' ) LIMIT 1  
[2016-02-07 12:47:18] /mobile/index.php?act=member_refund&op=get_refund_info&key=bf8dc5cdc4efebea523a7a38cd6caecc&refund_id=3 ( act=member_refund&op=get_refund_info ) 
ERR: Db Error: Table 'v4.33hao_refund_detail' doesn't exist
SELECT * FROM `33hao_refund_detail` WHERE ( refund_id = '3' ) LIMIT 1  
